<?xml version="1.0" encoding="UTF-8"?>
<!-- Generated by org.testng.reporters.JUnitReportReporter -->
<testsuite hostname="chanchals-Air" failures="0" tests="2" name="TestRunner.RunTest" time="0.104" errors="0" timestamp="2025-01-22T20:13:01 IST" skipped="0">
  <testcase classname="TestRunner.RunTest" name="runScenario" time="0.093"/>
  <testcase classname="TestRunner.RunTest" name="runScenario" time="0.011"/>
</testsuite> <!-- TestRunner.RunTest -->
